2025-10-02 13:15:04,959 - Cas13Workflow - [32mINFO[0m - Loaded 2 target genes
2025-10-02 13:15:04,959 - Cas13Workflow - [32mINFO[0m - ============================================================
2025-10-02 13:15:04,960 - Cas13Workflow - [32mINFO[0m - Cas13 Guide Design Workflow
2025-10-02 13:15:04,960 - Cas13Workflow - [32mINFO[0m - ============================================================
2025-10-02 13:15:04,964 - Cas13Workflow - [32mINFO[0m - 
============================================================
2025-10-02 13:15:04,964 - Cas13Workflow - [32mINFO[0m - STEP 1: Download FASTA Sequences
2025-10-02 13:15:04,964 - Cas13Workflow - [32mINFO[0m - ============================================================
2025-10-02 13:15:04,965 - Cas13Workflow - [32mINFO[0m - Downloading Nanog...
2025-10-02 13:15:07,429 - Cas13Workflow - [32mINFO[0m - ✅ Nanog: 918 bp
2025-10-02 13:15:07,429 - Cas13Workflow - [32mINFO[0m - Downloading Sox2...
2025-10-02 13:15:09,292 - Cas13Workflow - [32mINFO[0m - ✅ Sox2: 960 bp
2025-10-02 13:15:09,293 - Cas13Workflow - [32mINFO[0m - 💾 Saved 2 sequences to output_smoke/sequences/all_targets.fasta
2025-10-02 13:15:09,293 - Cas13Workflow - [32mINFO[0m - ✅ Downloaded 2 sequences
2025-10-02 13:15:09,293 - Cas13Workflow - [32mINFO[0m - 
============================================================
2025-10-02 13:15:09,294 - Cas13Workflow - [32mINFO[0m - STEP 2: TIGER Guide Prediction
2025-10-02 13:15:09,294 - Cas13Workflow - [32mINFO[0m - ============================================================
2025-10-02 13:15:09,294 - Cas13Workflow - [32mINFO[0m - ✅ Loaded TIGER from local installation: /gpfs/commons/groups/sanjana_lab/Cas13/TIGER/lib/tiger_core
2025-10-02 13:15:09,295 - Cas13Workflow - [32mINFO[0m - Loading TIGER model from /gpfs/commons/groups/sanjana_lab/Cas13/TIGER/models/tiger_model...
2025-10-02 13:15:09,296 - Cas13Workflow - [32mINFO[0m - Using TF SavedModel loader (Keras 3 compatibility mode)
2025-10-02 13:15:10,032 - Cas13Workflow - [32mINFO[0m - ✅ TIGER model loaded
2025-10-02 13:15:10,033 - Cas13Workflow - [32mINFO[0m - Predicting guides from output_smoke/sequences/all_targets.fasta...
2025-10-02 13:15:10,034 - Cas13Workflow - [32mINFO[0m - Processing 2 sequences...
2025-10-02 13:15:10,801 - Cas13Workflow - [32mINFO[0m - 💾 Saved 1828 guides to output_smoke/tiger/guides.csv
2025-10-02 13:15:10,802 - Cas13Workflow - [32mINFO[0m - ✅ Generated 1828 guides
2025-10-02 13:15:10,802 - Cas13Workflow - [32mINFO[0m - 
============================================================
2025-10-02 13:15:10,802 - Cas13Workflow - [32mINFO[0m - STEP 3: Off-Target Analysis
2025-10-02 13:15:10,802 - Cas13Workflow - [32mINFO[0m - ============================================================
2025-10-02 13:15:10,807 - Cas13Workflow - [32mINFO[0m - Searching off-targets for 1828 guides...
2025-10-02 13:15:10,808 - Cas13Workflow - [32mINFO[0m - Processing chunk 1/4...
2025-10-02 13:15:10,847 - Cas13Workflow - [32mINFO[0m - Processing chunk 2/4...
2025-10-02 13:15:10,886 - Cas13Workflow - [32mINFO[0m - Processing chunk 3/4...
2025-10-02 13:15:10,925 - Cas13Workflow - [32mINFO[0m - Processing chunk 4/4...
2025-10-02 13:15:10,965 - Cas13Workflow - [32mINFO[0m - 💾 Saved results to output_smoke/offtarget/results.csv
2025-10-02 13:15:10,966 - Cas13Workflow - [32mINFO[0m - ✅ Completed off-target search for 1846 guides
2025-10-02 13:15:10,966 - Cas13Workflow - [32mINFO[0m - 
============================================================
2025-10-02 13:15:10,966 - Cas13Workflow - [32mINFO[0m - STEP 4: Filter and Rank Guides
2025-10-02 13:15:10,966 - Cas13Workflow - [32mINFO[0m - ============================================================
2025-10-02 13:15:10,971 - Cas13Workflow - [32mINFO[0m - Loaded 1846 guides with off-target counts
2025-10-02 13:15:10,971 - Cas13Workflow - [32mINFO[0m - Guide score range: 0.036 - 0.995
2025-10-02 13:15:10,973 - Cas13Workflow - [32mINFO[0m - 
============================================================
2025-10-02 13:15:10,973 - Cas13Workflow - [32mINFO[0m - STEP 4.1: Filter by Guide Score (>= 0.4)
2025-10-02 13:15:10,973 - Cas13Workflow - [32mINFO[0m - ============================================================
2025-10-02 13:15:10,974 - Cas13Workflow - [32mINFO[0m - Guides passing score threshold: 345 / 1,846
2025-10-02 13:15:10,975 - Cas13Workflow - [32mINFO[0m - 
============================================================
2025-10-02 13:15:10,975 - Cas13Workflow - [32mINFO[0m - STEP 4.2: Apply MM Filters (from high-scoring guides only)
2025-10-02 13:15:10,976 - Cas13Workflow - [32mINFO[0m - ============================================================
2025-10-02 13:15:10,978 - Cas13Workflow - [32mINFO[0m - After MM0>=1, MM1<=5, MM2<=5 filtering: 345 guides
2025-10-02 13:15:10,978 - Cas13Workflow - [32mINFO[0m - 
============================================================
2025-10-02 13:15:10,979 - Cas13Workflow - [32mINFO[0m - STEP 4.3: Select Top 10 Guides per Gene by Score
2025-10-02 13:15:10,979 - Cas13Workflow - [32mINFO[0m - ============================================================
2025-10-02 13:15:10,987 - Cas13Workflow - [32mINFO[0m - Final selection: 20 guides
2025-10-02 13:15:10,991 - Cas13Workflow - [32mINFO[0m - 
💾 Saved final guides to output_smoke/final_guides.csv
2025-10-02 13:15:10,991 - Cas13Workflow - [32mINFO[0m - 
============================================================
2025-10-02 13:15:10,991 - Cas13Workflow - [32mINFO[0m - Summary Statistics
2025-10-02 13:15:10,991 - Cas13Workflow - [32mINFO[0m - ============================================================
2025-10-02 13:15:10,992 - Cas13Workflow - [32mINFO[0m - 
Guide Score Statistics:
2025-10-02 13:15:10,992 - Cas13Workflow - [32mINFO[0m -   Min:    0.97157
2025-10-02 13:15:10,992 - Cas13Workflow - [32mINFO[0m -   Max:    0.99474
2025-10-02 13:15:10,993 - Cas13Workflow - [32mINFO[0m -   Mean:   0.98139
2025-10-02 13:15:10,994 - Cas13Workflow - [32mINFO[0m -   Median: 0.98160
2025-10-02 13:15:10,994 - Cas13Workflow - [32mINFO[0m - 
Off-target Statistics:
2025-10-02 13:15:10,995 - Cas13Workflow - [32mINFO[0m -   MM0: min=1, median=1, max=1
2025-10-02 13:15:10,996 - Cas13Workflow - [32mINFO[0m -   MM1: min=0, median=0, max=0
2025-10-02 13:15:10,997 - Cas13Workflow - [32mINFO[0m -   MM2: min=0, median=0, max=0
2025-10-02 13:15:10,997 - Cas13Workflow - [32mINFO[0m - 
Guides per gene:
2025-10-02 13:15:10,999 - Cas13Workflow - [32mINFO[0m -   Nanog           10 guides  Score: 0.978-0.995  MM0: 1
2025-10-02 13:15:11,000 - Cas13Workflow - [32mINFO[0m -   Sox2            10 guides  Score: 0.972-0.985  MM0: 1
2025-10-02 13:15:11,001 - Cas13Workflow - [32mINFO[0m - ============================================================
2025-10-02 13:15:11,001 - Cas13Workflow - [32mINFO[0m - ✅ Workflow completed successfully!
2025-10-02 13:15:11,002 - Cas13Workflow - [32mINFO[0m - 📄 Final results: output_smoke/final_guides.csv
2025-10-02 13:15:11,002 - Cas13Workflow - [32mINFO[0m - ============================================================
2025-10-02 13:15:11,002 - Cas13Workflow - [32mINFO[0m - ✅ Workflow completed successfully!
2025-10-02 13:15:11,002 - Cas13Workflow - [32mINFO[0m - 📄 Results: output_smoke/final_guides.csv
2025-10-02 14:50:08,097 - Cas13Workflow - [32mINFO[0m - Loaded 2 target genes
2025-10-02 14:50:08,098 - Cas13Workflow - [32mINFO[0m - ============================================================
2025-10-02 14:50:08,098 - Cas13Workflow - [32mINFO[0m - Cas13 Guide Design Workflow
2025-10-02 14:50:08,098 - Cas13Workflow - [32mINFO[0m - ============================================================
2025-10-02 14:50:08,105 - Cas13Workflow - [32mINFO[0m - 
============================================================
2025-10-02 14:50:08,105 - Cas13Workflow - [32mINFO[0m - STEP 1: Download FASTA Sequences
2025-10-02 14:50:08,105 - Cas13Workflow - [32mINFO[0m - ============================================================
2025-10-02 14:50:08,106 - Cas13Workflow - [32mINFO[0m - Downloading Nanog...
2025-10-02 14:50:10,860 - Cas13Workflow - [32mINFO[0m - ✅ Nanog: 918 bp
2025-10-02 14:50:10,860 - Cas13Workflow - [32mINFO[0m - Downloading Sox2...
2025-10-02 14:50:13,181 - Cas13Workflow - [32mINFO[0m - ✅ Sox2: 960 bp
2025-10-02 14:50:13,182 - Cas13Workflow - [32mINFO[0m - 💾 Saved 2 sequences to output_smoke/sequences/all_targets.fasta
2025-10-02 14:50:13,183 - Cas13Workflow - [32mINFO[0m - ✅ Downloaded 2 sequences
2025-10-02 14:50:13,183 - Cas13Workflow - [32mINFO[0m - 
============================================================
2025-10-02 14:50:13,183 - Cas13Workflow - [32mINFO[0m - STEP 2: TIGER Guide Prediction
2025-10-02 14:50:13,183 - Cas13Workflow - [32mINFO[0m - ============================================================
2025-10-02 14:50:13,184 - Cas13Workflow - [32mINFO[0m - ✅ Loaded TIGER from local installation: /gpfs/commons/groups/sanjana_lab/Cas13/TIGER/lib/tiger_core
2025-10-02 14:50:13,184 - Cas13Workflow - [32mINFO[0m - Loading TIGER model from /gpfs/commons/groups/sanjana_lab/Cas13/TIGER/models/tiger_model...
2025-10-02 14:50:13,185 - Cas13Workflow - [32mINFO[0m - Using TF SavedModel loader (Keras 3 compatibility mode)
2025-10-02 14:50:13,685 - Cas13Workflow - [32mINFO[0m - ✅ TIGER model loaded
2025-10-02 14:50:13,686 - Cas13Workflow - [32mINFO[0m - Predicting guides from output_smoke/sequences/all_targets.fasta...
2025-10-02 14:50:13,686 - Cas13Workflow - [32mINFO[0m - Processing 2 sequences...
2025-10-02 14:50:14,403 - Cas13Workflow - [32mINFO[0m - 💾 Saved 1828 guides to output_smoke/tiger/guides.csv
2025-10-02 14:50:14,403 - Cas13Workflow - [32mINFO[0m - ✅ Generated 1828 guides
2025-10-02 14:50:14,404 - Cas13Workflow - [32mINFO[0m - 
============================================================
2025-10-02 14:50:14,404 - Cas13Workflow - [32mINFO[0m - STEP 3: Off-Target Analysis
2025-10-02 14:50:14,404 - Cas13Workflow - [32mINFO[0m - ============================================================
2025-10-02 14:50:14,408 - Cas13Workflow - [32mINFO[0m - Searching off-targets for 1828 guides...
2025-10-02 14:50:14,408 - Cas13Workflow - [32mINFO[0m - Processing chunk 1/4...
2025-10-02 14:50:14,447 - Cas13Workflow - [32mINFO[0m - Processing chunk 2/4...
2025-10-02 14:50:14,497 - Cas13Workflow - [32mINFO[0m - Processing chunk 3/4...
2025-10-02 14:50:14,571 - Cas13Workflow - [32mINFO[0m - Processing chunk 4/4...
2025-10-02 14:50:14,629 - Cas13Workflow - [32mINFO[0m - 💾 Saved results to output_smoke/offtarget/results.csv
2025-10-02 14:50:14,629 - Cas13Workflow - [32mINFO[0m - ✅ Completed off-target search for 1846 guides
2025-10-02 14:50:14,629 - Cas13Workflow - [32mINFO[0m - 
============================================================
2025-10-02 14:50:14,629 - Cas13Workflow - [32mINFO[0m - STEP 4: Filter and Rank Guides
2025-10-02 14:50:14,629 - Cas13Workflow - [32mINFO[0m - ============================================================
2025-10-02 14:50:14,634 - Cas13Workflow - [32mINFO[0m - Loaded 1846 guides with off-target counts
2025-10-02 14:50:14,635 - Cas13Workflow - [32mINFO[0m - Guide score range: 0.036 - 0.995
2025-10-02 14:50:14,635 - Cas13Workflow - [32mINFO[0m - 
============================================================
2025-10-02 14:50:14,636 - Cas13Workflow - [32mINFO[0m - STEP 4.1: Filter by Guide Score (>= 0.4)
2025-10-02 14:50:14,636 - Cas13Workflow - [32mINFO[0m - ============================================================
2025-10-02 14:50:14,636 - Cas13Workflow - [32mINFO[0m - Guides passing score threshold: 345 / 1,846
2025-10-02 14:50:14,638 - Cas13Workflow - [32mINFO[0m - 
============================================================
2025-10-02 14:50:14,638 - Cas13Workflow - [32mINFO[0m - STEP 4.2: Apply MM Filters (from high-scoring guides only)
2025-10-02 14:50:14,638 - Cas13Workflow - [32mINFO[0m - ============================================================
2025-10-02 14:50:14,639 - Cas13Workflow - [32mINFO[0m - After MM0>=1, MM1<=5, MM2<=5 filtering: 345 guides
2025-10-02 14:50:14,639 - Cas13Workflow - [32mINFO[0m - 
============================================================
2025-10-02 14:50:14,639 - Cas13Workflow - [32mINFO[0m - STEP 4.3: Select Top 10 Guides per Gene by Score
2025-10-02 14:50:14,639 - Cas13Workflow - [32mINFO[0m - ============================================================
2025-10-02 14:50:14,642 - Cas13Workflow - [32mINFO[0m - Final selection: 20 guides
2025-10-02 14:50:14,643 - Cas13Workflow - [32mINFO[0m - 
💾 Saved final guides to output_smoke/final_guides.csv
2025-10-02 14:50:14,643 - Cas13Workflow - [32mINFO[0m - 
============================================================
2025-10-02 14:50:14,644 - Cas13Workflow - [32mINFO[0m - Summary Statistics
2025-10-02 14:50:14,644 - Cas13Workflow - [32mINFO[0m - ============================================================
2025-10-02 14:50:14,644 - Cas13Workflow - [32mINFO[0m - 
Guide Score Statistics:
2025-10-02 14:50:14,644 - Cas13Workflow - [32mINFO[0m -   Min:    0.97157
2025-10-02 14:50:14,644 - Cas13Workflow - [32mINFO[0m -   Max:    0.99474
2025-10-02 14:50:14,644 - Cas13Workflow - [32mINFO[0m -   Mean:   0.98139
2025-10-02 14:50:14,645 - Cas13Workflow - [32mINFO[0m -   Median: 0.98160
2025-10-02 14:50:14,645 - Cas13Workflow - [32mINFO[0m - 
Off-target Statistics:
2025-10-02 14:50:14,645 - Cas13Workflow - [32mINFO[0m -   MM0: min=1, median=1, max=1
2025-10-02 14:50:14,646 - Cas13Workflow - [32mINFO[0m -   MM1: min=0, median=0, max=0
2025-10-02 14:50:14,646 - Cas13Workflow - [32mINFO[0m -   MM2: min=0, median=0, max=0
2025-10-02 14:50:14,647 - Cas13Workflow - [32mINFO[0m - 
Guides per gene:
2025-10-02 14:50:14,648 - Cas13Workflow - [32mINFO[0m -   Nanog           10 guides  Score: 0.978-0.995  MM0: 1
2025-10-02 14:50:14,648 - Cas13Workflow - [32mINFO[0m -   Sox2            10 guides  Score: 0.972-0.985  MM0: 1
2025-10-02 14:50:14,649 - Cas13Workflow - [32mINFO[0m - ============================================================
2025-10-02 14:50:14,649 - Cas13Workflow - [32mINFO[0m - ✅ Workflow completed successfully!
2025-10-02 14:50:14,649 - Cas13Workflow - [32mINFO[0m - 📄 Final results: output_smoke/final_guides.csv
2025-10-02 14:50:14,649 - Cas13Workflow - [32mINFO[0m - ============================================================
2025-10-02 14:50:14,649 - Cas13Workflow - [32mINFO[0m - ✅ Workflow completed successfully!
2025-10-02 14:50:14,649 - Cas13Workflow - [32mINFO[0m - 📄 Results: output_smoke/final_guides.csv
